g:\ythpt\libecl-datapro-py\ecllib\ecl\lib\python3.10\site-packages\ecl\util\util\__init__.py
g:\ythpt\libecl-datapro-py\ecllib\ecl\lib\python3.10\site-packages\ecl\util\util\bool_vector.py
g:\ythpt\libecl-datapro-py\ecllib\ecl\lib\python3.10\site-packages\ecl\util\util\ctime.py
g:\ythpt\libecl-datapro-py\ecllib\ecl\lib\python3.10\site-packages\ecl\util\util\cwd_context.py
g:\ythpt\libecl-datapro-py\ecllib\ecl\lib\python3.10\site-packages\ecl\util\util\double_vector.py
g:\ythpt\libecl-datapro-py\ecllib\ecl\lib\python3.10\site-packages\ecl\util\util\hash.py
g:\ythpt\libecl-datapro-py\ecllib\ecl\lib\python3.10\site-packages\ecl\util\util\install_abort_signals.py
g:\ythpt\libecl-datapro-py\ecllib\ecl\lib\python3.10\site-packages\ecl\util\util\int_vector.py
g:\ythpt\libecl-datapro-py\ecllib\ecl\lib\python3.10\site-packages\ecl\util\util\lookup_table.py
g:\ythpt\libecl-datapro-py\ecllib\ecl\lib\python3.10\site-packages\ecl\util\util\permutation_vector.py
g:\ythpt\libecl-datapro-py\ecllib\ecl\lib\python3.10\site-packages\ecl\util\util\rng.py
g:\ythpt\libecl-datapro-py\ecllib\ecl\lib\python3.10\site-packages\ecl\util\util\stringlist.py
g:\ythpt\libecl-datapro-py\ecllib\ecl\lib\python3.10\site-packages\ecl\util\util\thread_pool.py
g:\ythpt\libecl-datapro-py\ecllib\ecl\lib\python3.10\site-packages\ecl\util\util\time_vector.py
g:\ythpt\libecl-datapro-py\ecllib\ecl\lib\python3.10\site-packages\ecl\util\util\util_func.py
g:\ythpt\libecl-datapro-py\ecllib\ecl\lib\python3.10\site-packages\ecl\util\util\vector_template.py
g:\ythpt\libecl-datapro-py\ecllib\ecl\lib\python3.10\site-packages\ecl\util\util\version.py
g:\ythpt\libecl-datapro-py\ecllib\ecl\python\ecl\util\util\cmakefiles\python.ecl.util.util
g:\ythpt\libecl-datapro-py\ecllib\ecl\python\ecl\util\util\cmakefiles\generate.stamp
g:\ythpt\libecl-datapro-py\ecllib\ecl\python\ecl\util\util\x64\debug\python.ecl.util.util\python.e.bf45ec8f.tlog\custombuild.command.1.tlog
g:\ythpt\libecl-datapro-py\ecllib\ecl\python\ecl\util\util\x64\debug\python.ecl.util.util\python.e.bf45ec8f.tlog\custombuild.read.1.tlog
g:\ythpt\libecl-datapro-py\ecllib\ecl\python\ecl\util\util\x64\debug\python.ecl.util.util\python.e.bf45ec8f.tlog\custombuild.write.1.tlog
