g:\ythpt\libecl-datapro-py\ecllib\ecl\lib\cmakefiles\generate.stamp
g:\ythpt\libecl-datapro-py\ecllib\ecl\lib\ecl.dir\release\ecl.vcxproj.assemblyreference.cache
g:\ythpt\libecl-datapro-py\ecllib\ecl\lib\ecl.dir\release\bool_vector.obj
g:\ythpt\libecl-datapro-py\ecllib\ecl\lib\ecl.dir\release\buffer.obj
g:\ythpt\libecl-datapro-py\ecllib\ecl\lib\ecl.dir\release\cxx_string_util.obj
g:\ythpt\libecl-datapro-py\ecllib\ecl\lib\ecl.dir\release\double_vector.obj
g:\ythpt\libecl-datapro-py\ecllib\ecl\lib\ecl.dir\release\eclfilename.obj
g:\ythpt\libecl-datapro-py\ecllib\ecl\lib\ecl.dir\release\ecl_box.obj
g:\ythpt\libecl-datapro-py\ecllib\ecl\lib\ecl.dir\release\ecl_coarse_cell.obj
g:\ythpt\libecl-datapro-py\ecllib\ecl\lib\ecl.dir\release\ecl_file.obj
g:\ythpt\libecl-datapro-py\ecllib\ecl\lib\ecl.dir\release\ecl_file_kw.obj
g:\ythpt\libecl-datapro-py\ecllib\ecl\lib\ecl.dir\release\ecl_file_view.obj
g:\ythpt\libecl-datapro-py\ecllib\ecl\lib\ecl.dir\release\ecl_grav.obj
g:\ythpt\libecl-datapro-py\ecllib\ecl\lib\ecl.dir\release\ecl_grav_calc.obj
g:\ythpt\libecl-datapro-py\ecllib\ecl\lib\ecl.dir\release\ecl_grav_common.obj
g:\ythpt\libecl-datapro-py\ecllib\ecl\lib\ecl.dir\release\ecl_grid.obj
g:\ythpt\libecl-datapro-py\ecllib\ecl\lib\ecl.dir\release\ecl_grid_cache.obj
g:\ythpt\libecl-datapro-py\ecllib\ecl\lib\ecl.dir\release\ecl_grid_dims.obj
g:\ythpt\libecl-datapro-py\ecllib\ecl\lib\ecl.dir\release\ecl_init_file.obj
g:\ythpt\libecl-datapro-py\ecllib\ecl\lib\ecl.dir\release\ecl_io_config.obj
g:\ythpt\libecl-datapro-py\ecllib\ecl\lib\ecl.dir\release\ecl_kw.obj
g:\ythpt\libecl-datapro-py\ecllib\ecl\lib\ecl.dir\release\ecl_kw_grdecl.obj
g:\ythpt\libecl-datapro-py\ecllib\ecl\lib\ecl.dir\release\ecl_nnc_data.obj
g:\ythpt\libecl-datapro-py\ecllib\ecl\lib\ecl.dir\release\ecl_nnc_export.obj
g:\ythpt\libecl-datapro-py\ecllib\ecl\lib\ecl.dir\release\ecl_nnc_geometry.obj
g:\ythpt\libecl-datapro-py\ecllib\ecl\lib\ecl.dir\release\ecl_region.obj
g:\ythpt\libecl-datapro-py\ecllib\ecl\lib\ecl.dir\release\ecl_rft_cell.obj
g:\ythpt\libecl-datapro-py\ecllib\ecl\lib\ecl.dir\release\ecl_rft_file.obj
g:\ythpt\libecl-datapro-py\ecllib\ecl\lib\ecl.dir\release\ecl_rft_node.obj
g:\ythpt\libecl-datapro-py\ecllib\ecl\lib\ecl.dir\release\ecl_rsthead.obj
g:\ythpt\libecl-datapro-py\ecllib\ecl\lib\ecl.dir\release\ecl_rst_file.obj
g:\ythpt\libecl-datapro-py\ecllib\ecl\lib\ecl.dir\release\ecl_smspec.obj
g:\ythpt\libecl-datapro-py\ecllib\ecl\lib\ecl.dir\release\ecl_subsidence.obj
g:\ythpt\libecl-datapro-py\ecllib\ecl\lib\ecl.dir\release\ecl_sum.obj
g:\ythpt\libecl-datapro-py\ecllib\ecl\lib\ecl.dir\release\ecl_sum_data.obj
g:\ythpt\libecl-datapro-py\ecllib\ecl\lib\ecl.dir\release\ecl_sum_file_data.obj
g:\ythpt\libecl-datapro-py\ecllib\ecl\lib\ecl.dir\release\ecl_sum_tstep.obj
g:\ythpt\libecl-datapro-py\ecllib\ecl\lib\ecl.dir\release\ecl_sum_vector.obj
g:\ythpt\libecl-datapro-py\ecllib\ecl\lib\ecl.dir\release\ecl_type.obj
g:\ythpt\libecl-datapro-py\ecllib\ecl\lib\ecl.dir\release\ecl_type_python.obj
g:\ythpt\libecl-datapro-py\ecllib\ecl\lib\ecl.dir\release\ecl_unsmry_loader.obj
g:\ythpt\libecl-datapro-py\ecllib\ecl\lib\ecl.dir\release\ecl_util.obj
g:\ythpt\libecl-datapro-py\ecllib\ecl\lib\ecl.dir\release\ecl_version.obj
g:\ythpt\libecl-datapro-py\ecllib\ecl\lib\ecl.dir\release\fault_block.obj
g:\ythpt\libecl-datapro-py\ecllib\ecl\lib\ecl.dir\release\fault_block_layer.obj
g:\ythpt\libecl-datapro-py\ecllib\ecl\lib\ecl.dir\release\float_vector.obj
g:\ythpt\libecl-datapro-py\ecllib\ecl\lib\ecl.dir\release\geo_pointset.obj
g:\ythpt\libecl-datapro-py\ecllib\ecl\lib\ecl.dir\release\geo_polygon.obj
g:\ythpt\libecl-datapro-py\ecllib\ecl\lib\ecl.dir\release\geo_polygon_collection.obj
g:\ythpt\libecl-datapro-py\ecllib\ecl\lib\ecl.dir\release\geo_region.obj
g:\ythpt\libecl-datapro-py\ecllib\ecl\lib\ecl.dir\release\geo_surface.obj
g:\ythpt\libecl-datapro-py\ecllib\ecl\lib\ecl.dir\release\geo_util.obj
g:\ythpt\libecl-datapro-py\ecllib\ecl\lib\ecl.dir\release\grid_dims.obj
g:\ythpt\libecl-datapro-py\ecllib\ecl\lib\ecl.dir\release\hash.obj
g:\ythpt\libecl-datapro-py\ecllib\ecl\lib\ecl.dir\release\hash_node.obj
g:\ythpt\libecl-datapro-py\ecllib\ecl\lib\ecl.dir\release\hash_sll.obj
g:\ythpt\libecl-datapro-py\ecllib\ecl\lib\ecl.dir\release\int_vector.obj
g:\ythpt\libecl-datapro-py\ecllib\ecl\lib\ecl.dir\release\layer.obj
g:\ythpt\libecl-datapro-py\ecllib\ecl\lib\ecl.dir\release\long_vector.obj
g:\ythpt\libecl-datapro-py\ecllib\ecl\lib\ecl.dir\release\lookup_table.obj
g:\ythpt\libecl-datapro-py\ecllib\ecl\lib\ecl.dir\release\mzran.obj
g:\ythpt\libecl-datapro-py\ecllib\ecl\lib\ecl.dir\release\nnc_info.obj
g:\ythpt\libecl-datapro-py\ecllib\ecl\lib\ecl.dir\release\nnc_vector.obj
g:\ythpt\libecl-datapro-py\ecllib\ecl\lib\ecl.dir\release\node_ctype.obj
g:\ythpt\libecl-datapro-py\ecllib\ecl\lib\ecl.dir\release\node_data.obj
g:\ythpt\libecl-datapro-py\ecllib\ecl\lib\ecl.dir\release\parser.obj
g:\ythpt\libecl-datapro-py\ecllib\ecl\lib\ecl.dir\release\path.obj
g:\ythpt\libecl-datapro-py\ecllib\ecl\lib\ecl.dir\release\perm_vector.obj
g:\ythpt\libecl-datapro-py\ecllib\ecl\lib\ecl.dir\release\rng.obj
g:\ythpt\libecl-datapro-py\ecllib\ecl\lib\ecl.dir\release\size_t_vector.obj
g:\ythpt\libecl-datapro-py\ecllib\ecl\lib\ecl.dir\release\smspec_node.obj
g:\ythpt\libecl-datapro-py\ecllib\ecl\lib\ecl.dir\release\statistics.obj
g:\ythpt\libecl-datapro-py\ecllib\ecl\lib\ecl.dir\release\stringlist.obj
g:\ythpt\libecl-datapro-py\ecllib\ecl\lib\ecl.dir\release\string_util.obj
g:\ythpt\libecl-datapro-py\ecllib\ecl\lib\ecl.dir\release\test_util.obj
g:\ythpt\libecl-datapro-py\ecllib\ecl\lib\ecl.dir\release\time_t_vector.obj
g:\ythpt\libecl-datapro-py\ecllib\ecl\lib\ecl.dir\release\type_vector_functions.obj
g:\ythpt\libecl-datapro-py\ecllib\ecl\lib\ecl.dir\release\util.obj
g:\ythpt\libecl-datapro-py\ecllib\ecl\lib\ecl.dir\release\util_abort.obj
g:\ythpt\libecl-datapro-py\ecllib\ecl\lib\ecl.dir\release\util_symlink.obj
g:\ythpt\libecl-datapro-py\ecllib\ecl\lib\ecl.dir\release\util_unlink.obj
g:\ythpt\libecl-datapro-py\ecllib\ecl\lib\ecl.dir\release\vector.obj
g:\ythpt\libecl-datapro-py\ecllib\ecl\lib\ecl.dir\release\well_branch_collection.obj
g:\ythpt\libecl-datapro-py\ecllib\ecl\lib\ecl.dir\release\well_conn.obj
g:\ythpt\libecl-datapro-py\ecllib\ecl\lib\ecl.dir\release\well_conn_collection.obj
g:\ythpt\libecl-datapro-py\ecllib\ecl\lib\ecl.dir\release\well_info.obj
g:\ythpt\libecl-datapro-py\ecllib\ecl\lib\ecl.dir\release\well_rseg_loader.obj
g:\ythpt\libecl-datapro-py\ecllib\ecl\lib\ecl.dir\release\well_segment.obj
g:\ythpt\libecl-datapro-py\ecllib\ecl\lib\ecl.dir\release\well_segment_collection.obj
g:\ythpt\libecl-datapro-py\ecllib\ecl\lib\ecl.dir\release\well_state.obj
g:\ythpt\libecl-datapro-py\ecllib\ecl\lib\ecl.dir\release\well_ts.obj
g:\ythpt\libecl-datapro-py\ecllib\ecl\lib\ecl.dir\release\ecl.tlog\cl.command.1.tlog
g:\ythpt\libecl-datapro-py\ecllib\ecl\lib\ecl.dir\release\ecl.tlog\custombuild.command.1.tlog
g:\ythpt\libecl-datapro-py\ecllib\ecl\lib\ecl.dir\release\ecl.tlog\custombuild.read.1.tlog
g:\ythpt\libecl-datapro-py\ecllib\ecl\lib\ecl.dir\release\ecl.tlog\custombuild.write.1.tlog
g:\ythpt\libecl-datapro-py\ecllib\ecl\lib\ecl.dir\release\ecl.tlog\metagen.write.1.tlog
