g:\ythpt\libecl-datapro-py\ecllib\ecl\lib\ecl.dir\debug\vc143.pdb
g:\ythpt\libecl-datapro-py\ecllib\ecl\lib\ecl.dir\debug\type_vector_functions.obj
g:\ythpt\libecl-datapro-py\ecllib\ecl\lib\ecl.dir\debug\string_util.obj
g:\ythpt\libecl-datapro-py\ecllib\ecl\lib\ecl.dir\debug\buffer.obj
g:\ythpt\libecl-datapro-py\ecllib\ecl\lib\ecl.dir\debug\stringlist.obj
g:\ythpt\libecl-datapro-py\ecllib\ecl\lib\ecl.dir\debug\parser.obj
g:\ythpt\libecl-datapro-py\ecllib\ecl\lib\ecl.dir\debug\vector.obj
g:\ythpt\libecl-datapro-py\ecllib\ecl\lib\ecl.dir\debug\util_unlink.obj
g:\ythpt\libecl-datapro-py\ecllib\ecl\lib\ecl.dir\debug\util_symlink.obj
g:\ythpt\libecl-datapro-py\ecllib\ecl\lib\ecl.dir\debug\util_abort.obj
g:\ythpt\libecl-datapro-py\ecllib\ecl\lib\ecl.dir\debug\util.obj
g:\ythpt\libecl-datapro-py\ecllib\ecl\lib\ecl.dir\debug\node_ctype.obj
g:\ythpt\libecl-datapro-py\ecllib\ecl\lib\ecl.dir\debug\node_data.obj
g:\ythpt\libecl-datapro-py\ecllib\ecl\lib\ecl.dir\debug\hash.obj
g:\ythpt\libecl-datapro-py\ecllib\ecl\lib\ecl.dir\debug\path.obj
g:\ythpt\libecl-datapro-py\ecllib\ecl\lib\ecl.dir\debug\hash_sll.obj
g:\ythpt\libecl-datapro-py\ecllib\ecl\lib\ecl.dir\debug\hash_node.obj
g:\ythpt\libecl-datapro-py\ecllib\ecl\lib\ecl.dir\debug\mzran.obj
g:\ythpt\libecl-datapro-py\ecllib\ecl\lib\ecl.dir\debug\statistics.obj
g:\ythpt\libecl-datapro-py\ecllib\ecl\lib\ecl.dir\debug\lookup_table.obj
g:\ythpt\libecl-datapro-py\ecllib\ecl\lib\ecl.dir\debug\rng.obj
g:\ythpt\libecl-datapro-py\ecllib\ecl\lib\ecl.dir\debug\ecl_file_view.obj
g:\ythpt\libecl-datapro-py\ecllib\ecl\lib\ecl.dir\debug\ecl_file_kw.obj
g:\ythpt\libecl-datapro-py\ecllib\ecl\lib\ecl.dir\debug\ecl_kw_grdecl.obj
g:\ythpt\libecl-datapro-py\ecllib\ecl\lib\ecl.dir\debug\smspec_node.obj
g:\ythpt\libecl-datapro-py\ecllib\ecl\lib\ecl.dir\debug\ecl_grid_cache.obj
g:\ythpt\libecl-datapro-py\ecllib\ecl\lib\ecl.dir\debug\ecl_init_file.obj
g:\ythpt\libecl-datapro-py\ecllib\ecl\lib\ecl.dir\debug\ecl_rst_file.obj
g:\ythpt\libecl-datapro-py\ecllib\ecl\lib\ecl.dir\debug\ecl_sum_tstep.obj
g:\ythpt\libecl-datapro-py\ecllib\ecl\lib\ecl.dir\debug\ecl_rsthead.obj
g:\ythpt\libecl-datapro-py\ecllib\ecl\lib\ecl.dir\debug\size_t_vector.obj
g:\ythpt\libecl-datapro-py\ecllib\ecl\lib\ecl.dir\debug\bool_vector.obj
g:\ythpt\libecl-datapro-py\ecllib\ecl\lib\ecl.dir\debug\float_vector.obj
g:\ythpt\libecl-datapro-py\ecllib\ecl\lib\ecl.dir\debug\time_t_vector.obj
g:\ythpt\libecl-datapro-py\ecllib\ecl\lib\ecl.dir\debug\long_vector.obj
g:\ythpt\libecl-datapro-py\ecllib\ecl\lib\ecl.dir\debug\double_vector.obj
g:\ythpt\libecl-datapro-py\ecllib\ecl\lib\ecl.dir\debug\int_vector.obj
g:\ythpt\libecl-datapro-py\ecllib\ecl\lib\ecl.dir\debug\cxx_string_util.obj
g:\ythpt\libecl-datapro-py\ecllib\ecl\lib\ecl.dir\debug\test_util.obj
g:\ythpt\libecl-datapro-py\ecllib\ecl\lib\ecl.dir\debug\perm_vector.obj
g:\ythpt\libecl-datapro-py\ecllib\ecl\lib\ecl.dir\debug\ecl_version.obj
g:\ythpt\libecl-datapro-py\ecllib\ecl\lib\ecl.dir\debug\ecl_subsidence.obj
g:\ythpt\libecl-datapro-py\ecllib\ecl\lib\ecl.dir\debug\ecl_region.obj
g:\ythpt\libecl-datapro-py\ecllib\ecl\lib\ecl.dir\debug\ecl_file.obj
g:\ythpt\libecl-datapro-py\ecllib\ecl\lib\ecl.dir\debug\ecl_io_config.obj
g:\ythpt\libecl-datapro-py\ecllib\ecl\lib\ecl.dir\debug\ecl_box.obj
g:\ythpt\libecl-datapro-py\ecllib\ecl\lib\ecl.dir\debug\ecl_coarse_cell.obj
g:\ythpt\libecl-datapro-py\ecllib\ecl\lib\ecl.dir\debug\ecl_grid.obj
g:\ythpt\libecl-datapro-py\ecllib\ecl\lib\ecl.dir\debug\ecl_rft_cell.obj
g:\ythpt\libecl-datapro-py\ecllib\ecl\lib\ecl.dir\debug\ecl_rft_node.obj
g:\ythpt\libecl-datapro-py\ecllib\ecl\lib\ecl.dir\debug\ecl_rft_file.obj
g:\ythpt\libecl-datapro-py\ecllib\ecl\lib\ecl.dir\debug\ecl_sum_vector.obj
g:\ythpt\libecl-datapro-py\ecllib\ecl\lib\ecl.dir\debug\ecl_sum.obj
g:\ythpt\libecl-datapro-py\ecllib\ecl\lib\ecl.dir\debug\ecl_kw.obj
g:\ythpt\libecl-datapro-py\ecllib\ecl\lib\ecl.dir\debug\ecl_util.obj
g:\ythpt\libecl-datapro-py\ecllib\ecl\lib\ecl.dir\debug\ecl_sum_file_data.obj
g:\ythpt\libecl-datapro-py\ecllib\ecl\lib\ecl.dir\debug\ecl_sum_data.obj
g:\ythpt\libecl-datapro-py\ecllib\ecl\lib\ecl.dir\debug\ecl_unsmry_loader.obj
g:\ythpt\libecl-datapro-py\ecllib\ecl\lib\ecl.dir\debug\ecl_smspec.obj
g:\ythpt\libecl-datapro-py\ecllib\ecl\lib\ecl.dir\debug\ecl_grav_calc.obj
g:\ythpt\libecl-datapro-py\ecllib\ecl\lib\ecl.dir\debug\ecl_grav.obj
g:\ythpt\libecl-datapro-py\ecllib\ecl\lib\ecl.dir\debug\well_segment_collection.obj
g:\ythpt\libecl-datapro-py\ecllib\ecl\lib\ecl.dir\debug\well_segment.obj
g:\ythpt\libecl-datapro-py\ecllib\ecl\lib\ecl.dir\debug\well_conn_collection.obj
g:\ythpt\libecl-datapro-py\ecllib\ecl\lib\ecl.dir\debug\well_ts.obj
g:\ythpt\libecl-datapro-py\ecllib\ecl\lib\ecl.dir\debug\well_info.obj
g:\ythpt\libecl-datapro-py\ecllib\ecl\lib\ecl.dir\debug\well_conn.obj
g:\ythpt\libecl-datapro-py\ecllib\ecl\lib\ecl.dir\debug\well_state.obj
g:\ythpt\libecl-datapro-py\ecllib\ecl\lib\ecl.dir\debug\ecl_type_python.obj
g:\ythpt\libecl-datapro-py\ecllib\ecl\lib\ecl.dir\debug\ecl_type.obj
g:\ythpt\libecl-datapro-py\ecllib\ecl\lib\ecl.dir\debug\fault_block_layer.obj
g:\ythpt\libecl-datapro-py\ecllib\ecl\lib\ecl.dir\debug\fault_block.obj
g:\ythpt\libecl-datapro-py\ecllib\ecl\lib\ecl.dir\debug\layer.obj
g:\ythpt\libecl-datapro-py\ecllib\ecl\lib\ecl.dir\debug\ecl_nnc_geometry.obj
g:\ythpt\libecl-datapro-py\ecllib\ecl\lib\ecl.dir\debug\ecl_nnc_data.obj
g:\ythpt\libecl-datapro-py\ecllib\ecl\lib\ecl.dir\debug\ecl_nnc_export.obj
g:\ythpt\libecl-datapro-py\ecllib\ecl\lib\ecl.dir\debug\nnc_vector.obj
g:\ythpt\libecl-datapro-py\ecllib\ecl\lib\ecl.dir\debug\ecl_grav_common.obj
g:\ythpt\libecl-datapro-py\ecllib\ecl\lib\ecl.dir\debug\nnc_info.obj
g:\ythpt\libecl-datapro-py\ecllib\ecl\lib\ecl.dir\debug\grid_dims.obj
g:\ythpt\libecl-datapro-py\ecllib\ecl\lib\ecl.dir\debug\ecl_grid_dims.obj
g:\ythpt\libecl-datapro-py\ecllib\ecl\lib\ecl.dir\debug\geo_polygon_collection.obj
g:\ythpt\libecl-datapro-py\ecllib\ecl\lib\ecl.dir\debug\geo_polygon.obj
g:\ythpt\libecl-datapro-py\ecllib\ecl\lib\ecl.dir\debug\geo_region.obj
g:\ythpt\libecl-datapro-py\ecllib\ecl\lib\ecl.dir\debug\geo_pointset.obj
g:\ythpt\libecl-datapro-py\ecllib\ecl\lib\ecl.dir\debug\geo_util.obj
g:\ythpt\libecl-datapro-py\ecllib\ecl\lib\ecl.dir\debug\geo_surface.obj
g:\ythpt\libecl-datapro-py\ecllib\ecl\lib\ecl.dir\debug\eclfilename.obj
g:\ythpt\libecl-datapro-py\ecllib\ecl\lib\ecl.dir\debug\well_rseg_loader.obj
g:\ythpt\libecl-datapro-py\ecllib\ecl\lib\ecl.dir\debug\well_branch_collection.obj
g:\ythpt\libecl-datapro-py\ecllib\ecl\lib\ecl.dir\debug\util_lfs.obj
g:\ythpt\libecl-datapro-py\ecllib\ecl\lib\ecl.dir\debug\ecl\fortio.c.obj
g:\ythpt\libecl-datapro-py\ecllib\ecl\lib\ecl.dir\debug\ecl\fortio.cpp.obj
g:\ythpt\libecl-datapro-py\ecllib\ecl\lib\cmakefiles\generate.stamp
g:\ythpt\libecl-datapro-py\ecllib\ecl\bin\libecl.pdb
g:\ythpt\libecl-datapro-py\ecllib\ecl\lib\ecl.dir\debug\ecl.tlog\cl.command.1.tlog
g:\ythpt\libecl-datapro-py\ecllib\ecl\lib\ecl.dir\debug\ecl.tlog\cl.read.1.tlog
g:\ythpt\libecl-datapro-py\ecllib\ecl\lib\ecl.dir\debug\ecl.tlog\cl.write.1.tlog
g:\ythpt\libecl-datapro-py\ecllib\ecl\lib\ecl.dir\debug\ecl.tlog\custombuild.command.1.tlog
g:\ythpt\libecl-datapro-py\ecllib\ecl\lib\ecl.dir\debug\ecl.tlog\custombuild.read.1.tlog
g:\ythpt\libecl-datapro-py\ecllib\ecl\lib\ecl.dir\debug\ecl.tlog\custombuild.write.1.tlog
g:\ythpt\libecl-datapro-py\ecllib\ecl\lib\ecl.dir\debug\ecl.tlog\link-cvtres.read.1.tlog
g:\ythpt\libecl-datapro-py\ecllib\ecl\lib\ecl.dir\debug\ecl.tlog\link-cvtres.write.1.tlog
g:\ythpt\libecl-datapro-py\ecllib\ecl\lib\ecl.dir\debug\ecl.tlog\link-rc.read.1.tlog
g:\ythpt\libecl-datapro-py\ecllib\ecl\lib\ecl.dir\debug\ecl.tlog\link-rc.write.1.tlog
g:\ythpt\libecl-datapro-py\ecllib\ecl\lib\ecl.dir\debug\ecl.tlog\link.command.1.tlog
g:\ythpt\libecl-datapro-py\ecllib\ecl\lib\ecl.dir\debug\ecl.tlog\link.delete.1.tlog
g:\ythpt\libecl-datapro-py\ecllib\ecl\lib\ecl.dir\debug\ecl.tlog\link.read.1.tlog
g:\ythpt\libecl-datapro-py\ecllib\ecl\lib\ecl.dir\debug\ecl.tlog\link.read.2.tlog
g:\ythpt\libecl-datapro-py\ecllib\ecl\lib\ecl.dir\debug\ecl.tlog\link.write.1.tlog
