g:\ythpt\libecl-datapro-py\ecllib\ecl\cmakefiles\generate.stamp
g:\ythpt\libecl-datapro-py\ecllib\ecl\lib\cmakefiles\generate.stamp
g:\ythpt\libecl-datapro-py\ecllib\ecl\applications\cmakefiles\generate.stamp
g:\ythpt\libecl-datapro-py\ecllib\ecl\bin\cmakefiles\generate.stamp
g:\ythpt\libecl-datapro-py\ecllib\ecl\python\cmakefiles\generate.stamp
g:\ythpt\libecl-datapro-py\ecllib\ecl\python\ecl\cmakefiles\generate.stamp
g:\ythpt\libecl-datapro-py\ecllib\ecl\python\ecl\eclfile\cmakefiles\generate.stamp
g:\ythpt\libecl-datapro-py\ecllib\ecl\python\ecl\grid\cmakefiles\generate.stamp
g:\ythpt\libecl-datapro-py\ecllib\ecl\python\ecl\grid\faults\cmakefiles\generate.stamp
g:\ythpt\libecl-datapro-py\ecllib\ecl\python\ecl\rft\cmakefiles\generate.stamp
g:\ythpt\libecl-datapro-py\ecllib\ecl\python\ecl\gravimetry\cmakefiles\generate.stamp
g:\ythpt\libecl-datapro-py\ecllib\ecl\python\ecl\summary\cmakefiles\generate.stamp
g:\ythpt\libecl-datapro-py\ecllib\ecl\python\ecl\util\cmakefiles\generate.stamp
g:\ythpt\libecl-datapro-py\ecllib\ecl\python\ecl\util\enums\cmakefiles\generate.stamp
g:\ythpt\libecl-datapro-py\ecllib\ecl\python\ecl\util\util\cmakefiles\generate.stamp
g:\ythpt\libecl-datapro-py\ecllib\ecl\python\ecl\util\test\cmakefiles\generate.stamp
g:\ythpt\libecl-datapro-py\ecllib\ecl\python\ecl\util\test\ecl_mock\cmakefiles\generate.stamp
g:\ythpt\libecl-datapro-py\ecllib\ecl\python\ecl\util\geometry\cmakefiles\generate.stamp
g:\ythpt\libecl-datapro-py\ecllib\ecl\python\ecl\well\cmakefiles\generate.stamp
g:\ythpt\libecl-datapro-py\ecllib\ecl\x64\debug\zero_check\zero_check.tlog\custombuild.command.1.tlog
g:\ythpt\libecl-datapro-py\ecllib\ecl\x64\debug\zero_check\zero_check.tlog\custombuild.read.1.tlog
g:\ythpt\libecl-datapro-py\ecllib\ecl\x64\debug\zero_check\zero_check.tlog\custombuild.write.1.tlog
